1614348161090	geckodriver	INFO	Listening on 127.0.0.1:52990
1614348161619	mozrunner::runner	INFO	Running command: "E:\\Firefox\\firefox.exe" "--marionette" "-foreground" "-no-remote" "-profile" "C:\\Users\\andyt\\AppData\\Local\\Temp\\rust_mozprofileWjt6Wl"
console.error: Enterprise Policies: 
  Unknown policy: QuicAllowed
console.warn: SearchSettings: "get: No settings file exists, new profile?" (new Error("", "(unknown module)"))
1614348166865	Marionette	INFO	Listening on port 52996
1614348167356	Marionette	WARN	TLS certificate errors will be ignored for this session
JavaScript warning: https://online.fcbayern.com/online-actions/webjars/momentjs/2.10.3/min/moment.min.js, line 6: unreachable code after return statement
JavaScript error: , line 0: NotFoundError: No such JSWindowActor 'MarionetteEvents'
1614348175795	Marionette	INFO	Stopped listening on port 52996

###!!! [Child][RunMessage] Error: Channel closing: too late to send/recv, messages will be lost

1614350706173	geckodriver	INFO	Listening on 127.0.0.1:54653
1614350706677	mozrunner::runner	INFO	Running command: "E:\\Firefox\\firefox.exe" "--marionette" "-foreground" "-no-remote" "-profile" "C:\\Users\\andyt\\AppData\\Local\\Temp\\rust_mozprofilew32nM7"
console.error: Enterprise Policies: 
  Unknown policy: QuicAllowed
console.warn: SearchSettings: "get: No settings file exists, new profile?" (new Error("", "(unknown module)"))
1614350710231	Marionette	INFO	Listening on port 54658
1614350710324	Marionette	WARN	TLS certificate errors will be ignored for this session
JavaScript warning: https://online.fcbayern.com/online-actions/webjars/momentjs/2.10.3/min/moment.min.js, line 6: unreachable code after return statement
1614350724265	Marionette	INFO	Stopped listening on port 54658

###!!! [Child][RunMessage] Error: Channel closing: too late to send/recv, messages will be lost

1614350733509	geckodriver	INFO	Listening on 127.0.0.1:54764
1614350734021	mozrunner::runner	INFO	Running command: "E:\\Firefox\\firefox.exe" "--marionette" "-foreground" "-no-remote" "-profile" "C:\\Users\\andyt\\AppData\\Local\\Temp\\rust_mozprofile9MsH5N"
console.error: Enterprise Policies: 
  Unknown policy: QuicAllowed
console.warn: SearchSettings: "get: No settings file exists, new profile?" (new Error("", "(unknown module)"))
1614350737277	Marionette	INFO	Listening on port 54769
1614350737660	Marionette	WARN	TLS certificate errors will be ignored for this session
JavaScript warning: https://online.fcbayern.com/online-actions/webjars/momentjs/2.10.3/min/moment.min.js, line 6: unreachable code after return statement
1614350762503	Marionette	INFO	Stopped listening on port 54769

###!!! [Child][RunMessage] Error: Channel closing: too late to send/recv, messages will be lost

